This is pdfTeX, Version 3.14159265-2.6-1.40.20 (MiKTeX 2.9.7000 64-bit) (preloaded format=pdflatex 2019.5.20)  10 JUN 2019 12:05
entering extended mode
**./zavrsni.tex
(zavrsni.tex
LaTeX2e <2018-12-01>
(fer.cls
Document Class: fer 
(D:\MiKTeX\tex/latex/base\report.cls
Document Class: report 2018/09/03 v1.4i Standard LaTeX document class
(D:\MiKTeX\tex/latex/base\size12.clo
File: size12.clo 2018/09/03 v1.4i Standard LaTeX file (size option)
)
\c@part=\count80
\c@chapter=\count81
\c@section=\count82
\c@subsection=\count83
\c@subsubsection=\count84
\c@paragraph=\count85
\c@subparagraph=\count86
\c@figure=\count87
\c@table=\count88
\abovecaptionskip=\skip41
\belowcaptionskip=\skip42
\bibindent=\dimen102
)
(D:\MiKTeX\tex/latex/geometry\geometry.sty
Package: geometry 2018/04/16 v5.8 Page Geometry

(D:\MiKTeX\tex/latex/graphics\keyval.sty
Package: keyval 2014/10/28 v1.15 key=value parser (DPC)
\KV@toks@=\toks14
)
(D:\MiKTeX\tex/generic/oberdiek\ifpdf.sty
Package: ifpdf 2018/09/07 v3.3 Provides the ifpdf switch
)
(D:\MiKTeX\tex/generic/oberdiek\ifvtex.sty
Package: ifvtex 2016/05/16 v1.6 Detect VTeX and its facilities (HO)
Package ifvtex Info: VTeX not detected.
)
(D:\MiKTeX\tex/generic/ifxetex\ifxetex.sty
Package: ifxetex 2010/09/12 v0.6 Provides ifxetex conditional
)
\Gm@cnth=\count89
\Gm@cntv=\count90
\c@Gm@tempcnt=\count91
\Gm@bindingoffset=\dimen103
\Gm@wd@mp=\dimen104
\Gm@odd@mp=\dimen105
\Gm@even@mp=\dimen106
\Gm@layoutwidth=\dimen107
\Gm@layoutheight=\dimen108
\Gm@layouthoffset=\dimen109
\Gm@layoutvoffset=\dimen110
\Gm@dimlist=\toks15

(D:\MiKTeX\tex/latex/geometry\geometry.cfg))
(D:\MiKTeX\tex/latex/base\inputenc.sty
Package: inputenc 2018/08/11 v1.3c Input encoding file
\inpenc@prehook=\toks16
\inpenc@posthook=\toks17
) (D:\MiKTeX\tex/generic/babel\babel.sty
Package: babel 2019/04/01 3.28 The Babel package

(D:\MiKTeX\tex/generic/babel\switch.def
File: switch.def 2019/04/01 3.28 Babel switching mechanism
)
*************************************
* Local config file bblopts.cfg used
*
(D:\MiKTeX\tex/latex/arabi\bblopts.cfg
File: bblopts.cfg 2005/09/08 v0.1 add Arabic and Farsi to "declared" options of
 babel
)
(D:\MiKTeX\tex/latex/babel-croatian\croatian.ldf
Language: croatian 2014/03/31 v1.3m Croatian support from the babel system

(D:\MiKTeX\tex/generic/babel\babel.def
File: babel.def 2019/04/01 3.28 Babel common definitions
\babel@savecnt=\count92
\U@D=\dimen111

(D:\MiKTeX\tex/generic/babel\txtbabel.def)
\bbl@dirlevel=\count93
)))
(D:\MiKTeX\tex/latex/base\fontenc.sty
Package: fontenc 2018/08/11 v2.0j Standard LaTeX package
 (D:\MiKTeX\tex/latex/base\t1enc.def
File: t1enc.def 2018/08/11 v2.0j Standard LaTeX file
LaTeX Font Info:    Redeclaring font encoding T1 on input line 48.
))
(D:\MiKTeX\tex/latex/graphics\graphicx.sty
Package: graphicx 2017/06/01 v1.1a Enhanced LaTeX Graphics (DPC,SPQR)

(D:\MiKTeX\tex/latex/graphics\graphics.sty
Package: graphics 2017/06/25 v1.2c Standard LaTeX Graphics (DPC,SPQR)

(D:\MiKTeX\tex/latex/graphics\trig.sty
Package: trig 2016/01/03 v1.10 sin cos tan (DPC)
)
(D:\MiKTeX\tex/latex/graphics-cfg\graphics.cfg
File: graphics.cfg 2016/06/04 v1.11 sample graphics configuration
)
Package graphics Info: Driver file: pdftex.def on input line 99.

(D:\MiKTeX\tex/latex/graphics-def\pdftex.def
File: pdftex.def 2018/01/08 v1.0l Graphics/color driver for pdftex
))
\Gin@req@height=\dimen112
\Gin@req@width=\dimen113
)
(D:\MiKTeX\tex/latex/amsfonts\amssymb.sty
Package: amssymb 2013/01/14 v3.01 AMS font symbols

(D:\MiKTeX\tex/latex/amsfonts\amsfonts.sty
Package: amsfonts 2013/01/14 v3.01 Basic AMSFonts support
\@emptytoks=\toks18
\symAMSa=\mathgroup4
\symAMSb=\mathgroup5
LaTeX Font Info:    Overwriting math alphabet `\mathfrak' in version `bold'
(Font)                  U/euf/m/n --> U/euf/b/n on input line 106.
))
(D:\MiKTeX\tex/latex/amsmath\amsmath.sty
Package: amsmath 2018/12/01 v2.17b AMS math features
\@mathmargin=\skip43

For additional information on amsmath, use the `?' option.
(D:\MiKTeX\tex/latex/amsmath\amstext.sty
Package: amstext 2000/06/29 v2.01 AMS text

(D:\MiKTeX\tex/latex/amsmath\amsgen.sty
File: amsgen.sty 1999/11/30 v2.0 generic functions
\@emptytoks=\toks19
\ex@=\dimen114
))
(D:\MiKTeX\tex/latex/amsmath\amsbsy.sty
Package: amsbsy 1999/11/29 v1.2d Bold Symbols
\pmbraise@=\dimen115
)
(D:\MiKTeX\tex/latex/amsmath\amsopn.sty
Package: amsopn 2016/03/08 v2.02 operator names
)
\inf@bad=\count94
LaTeX Info: Redefining \frac on input line 223.
\uproot@=\count95
\leftroot@=\count96
LaTeX Info: Redefining \overline on input line 385.
\classnum@=\count97
\DOTSCASE@=\count98
LaTeX Info: Redefining \ldots on input line 482.
LaTeX Info: Redefining \dots on input line 485.
LaTeX Info: Redefining \cdots on input line 606.
\Mathstrutbox@=\box27
\strutbox@=\box28
\big@size=\dimen116
LaTeX Font Info:    Redeclaring font encoding OML on input line 729.
LaTeX Font Info:    Redeclaring font encoding OMS on input line 730.
\macc@depth=\count99
\c@MaxMatrixCols=\count100
\dotsspace@=\muskip10
\c@parentequation=\count101
\dspbrk@lvl=\count102
\tag@help=\toks20
\row@=\count103
\column@=\count104
\maxfields@=\count105
\andhelp@=\toks21
\eqnshift@=\dimen117
\alignsep@=\dimen118
\tagshift@=\dimen119
\tagwidth@=\dimen120
\totwidth@=\dimen121
\lineht@=\dimen122
\@envbody=\toks22
\multlinegap=\skip44
\multlinetaggap=\skip45
\mathdisplay@stack=\toks23
LaTeX Info: Redefining \[ on input line 2844.
LaTeX Info: Redefining \] on input line 2845.
)
(D:\MiKTeX\tex/latex/base\fixltx2e.sty
Package: fixltx2e 2016/12/29 v2.1a fixes to LaTeX (obsolete)
Applying: [2015/01/01] Old fixltx2e package on input line 46.


Package fixltx2e Warning: fixltx2e is not required with releases after 2015
(fixltx2e)                All fixes are now in the LaTeX kernel.
(fixltx2e)                See the latexrelease package for details.

Already applied: [0000/00/00] Old fixltx2e package on input line 53.
) (D:\MiKTeX\tex/latex/caption\caption.sty
Package: caption 2018/10/06 v3.3-154 Customizing captions (AR)

(D:\MiKTeX\tex/latex/caption\caption3.sty
Package: caption3 2018/09/12 v1.8c caption3 kernel (AR)
Package caption3 Info: TeX engine: e-TeX on input line 64.
\captionmargin=\dimen123
\captionmargin@=\dimen124
\captionwidth=\dimen125
\caption@tempdima=\dimen126
\caption@indent=\dimen127
\caption@parindent=\dimen128
\caption@hangindent=\dimen129
)
\c@caption@flags=\count106
\c@ContinuedFloat=\count107
)
(D:\MiKTeX\tex/latex/base\ifthen.sty
Package: ifthen 2014/09/29 v1.1c Standard LaTeX ifthen package (DPC)
) (D:\MiKTeX\tex/latex/url\url.sty
\Urlmuskip=\muskip11
Package: url 2013/09/16  ver 3.4  Verb mode for urls, etc.
)
(D:\MiKTeX\tex/latex/enumitem\enumitem.sty
Package: enumitem 2019/02/04 v3.8 Customized lists
\labelindent=\skip46
\enit@outerparindent=\dimen130
\enit@toks=\toks24
\enit@inbox=\box29
\enit@count@id=\count108
\enitdp@description=\count109
)
(D:\MiKTeX\tex/latex/tocbibind\tocbibind.sty
Package: tocbibind 2010/10/13 v1.5k extra ToC listings
Package tocbibind Info: The document has chapter divisions on input line 50.


Package tocbibind Note: Using chapter style headings, unless overridden.

) (D:\MiKTeX\tex/latex/psnfss\times.sty
Package: times 2005/04/12 PSNFSS-v9.2a (SPQR) 
) (D:\MiKTeX\tex/latex/natbib\natbib.sty
Package: natbib 2010/09/13 8.31b (PWD, AO)
\bibhang=\skip47
\bibsep=\skip48
LaTeX Info: Redefining \cite on input line 694.
\c@NAT@ctr=\count110
)
\listindentation=\dimen131
) (D:\MiKTeX\tex/latex/booktabs\booktabs.sty
Package: booktabs 2005/04/14 v1.61803 publication quality tables
\heavyrulewidth=\dimen132
\lightrulewidth=\dimen133
\cmidrulewidth=\dimen134
\belowrulesep=\dimen135
\belowbottomsep=\dimen136
\aboverulesep=\dimen137
\abovetopsep=\dimen138
\cmidrulesep=\dimen139
\cmidrulekern=\dimen140
\defaultaddspace=\dimen141
\@cmidla=\count111
\@cmidlb=\count112
\@aboverulesep=\dimen142
\@belowrulesep=\dimen143
\@thisruleclass=\count113
\@lastruleclass=\count114
\@thisrulewidth=\dimen144
)
(D:\MiKTeX\tex/latex/listings\listings.sty
\lst@mode=\count115
\lst@gtempboxa=\box30
\lst@token=\toks25
\lst@length=\count116
\lst@currlwidth=\dimen145
\lst@column=\count117
\lst@pos=\count118
\lst@lostspace=\dimen146
\lst@width=\dimen147
\lst@newlines=\count119
\lst@lineno=\count120
\lst@maxwidth=\dimen148

(D:\MiKTeX\tex/latex/listings\lstmisc.sty
File: lstmisc.sty 2019/02/27 1.8b (Carsten Heinz)
\c@lstnumber=\count121
\lst@skipnumbers=\count122
\lst@framebox=\box31
)
(D:\MiKTeX\tex/latex/listings\listings.cfg
File: listings.cfg 2019/02/27 1.8b listings configuration
))
Package: listings 2019/02/27 1.8b (Carsten Heinz)
 (zavrsni.aux

LaTeX Warning: Label `fig:nar' multiply defined.

)
\openout1 = `zavrsni.aux'.

LaTeX Font Info:    Checking defaults for OML/cmm/m/it on input line 5.
LaTeX Font Info:    ... okay on input line 5.
LaTeX Font Info:    Checking defaults for T1/cmr/m/n on input line 5.
LaTeX Font Info:    ... okay on input line 5.
LaTeX Font Info:    Checking defaults for OT1/cmr/m/n on input line 5.
LaTeX Font Info:    ... okay on input line 5.
LaTeX Font Info:    Checking defaults for OMS/cmsy/m/n on input line 5.
LaTeX Font Info:    ... okay on input line 5.
LaTeX Font Info:    Checking defaults for OMX/cmex/m/n on input line 5.
LaTeX Font Info:    ... okay on input line 5.
LaTeX Font Info:    Checking defaults for U/cmr/m/n on input line 5.
LaTeX Font Info:    ... okay on input line 5.
LaTeX Font Info:    Try loading font information for T1+ptm on input line 5.
 (D:\MiKTeX\tex/latex/psnfss\t1ptm.fd
File: t1ptm.fd 2001/06/04 font definitions for T1/ptm.
)
*geometry* driver: auto-detecting
*geometry* detected driver: pdftex
*geometry* verbose mode - [ preamble ] result:
* driver: pdftex
* paper: a4paper
* layout: <same size as paper>
* layoutoffset:(h,v)=(0.0pt,0.0pt)
* modes: 
* h-part:(L,W,R)=(99.58464pt, 412.56497pt, 85.35826pt)
* v-part:(T,H,B)=(85.35826pt, 674.33032pt, 85.35826pt)
* \paperwidth=597.50787pt
* \paperheight=845.04684pt
* \textwidth=412.56497pt
* \textheight=674.33032pt
* \oddsidemargin=27.31465pt
* \evensidemargin=27.31465pt
* \topmargin=-23.91173pt
* \headheight=12.0pt
* \headsep=25.0pt
* \topskip=12.0pt
* \footskip=30.0pt
* \marginparwidth=44.0pt
* \marginparsep=10.0pt
* \columnsep=10.0pt
* \skip\footins=10.8pt plus 4.0pt minus 2.0pt
* \hoffset=0.0pt
* \voffset=0.0pt
* \mag=1000
* \@twocolumnfalse
* \@twosidefalse
* \@mparswitchfalse
* \@reversemarginfalse
* (1in=72.27pt=25.4mm, 1cm=28.453pt)

(D:\MiKTeX\tex/context/base/mkii\supp-pdf.mkii
[Loading MPS to PDF converter (version 2006.09.02).]
\scratchcounter=\count123
\scratchdimen=\dimen149
\scratchbox=\box32
\nofMPsegments=\count124
\nofMParguments=\count125
\everyMPshowfont=\toks26
\MPscratchCnt=\count126
\MPscratchDim=\dimen150
\MPnumerator=\count127
\makeMPintoPDFobject=\count128
\everyMPtoPDFconversion=\toks27
) (D:\MiKTeX\tex/latex/oberdiek\epstopdf-base.sty
Package: epstopdf-base 2016/05/15 v2.6 Base part for package epstopdf

(D:\MiKTeX\tex/generic/oberdiek\infwarerr.sty
Package: infwarerr 2016/05/16 v1.4 Providing info/warning/error messages (HO)
)
(D:\MiKTeX\tex/latex/oberdiek\grfext.sty
Package: grfext 2016/05/16 v1.2 Manage graphics extensions (HO)

(D:\MiKTeX\tex/generic/oberdiek\kvdefinekeys.sty
Package: kvdefinekeys 2016/05/16 v1.4 Define keys (HO)

(D:\MiKTeX\tex/generic/oberdiek\ltxcmds.sty
Package: ltxcmds 2016/05/16 v1.23 LaTeX kernel commands for general use (HO)
)))
(D:\MiKTeX\tex/latex/oberdiek\kvoptions.sty
Package: kvoptions 2016/05/16 v3.12 Key value format for package options (HO)

(D:\MiKTeX\tex/generic/oberdiek\kvsetkeys.sty
Package: kvsetkeys 2016/05/16 v1.17 Key value parser (HO)

(D:\MiKTeX\tex/generic/oberdiek\etexcmds.sty
Package: etexcmds 2016/05/16 v1.6 Avoid name clashes with e-TeX commands (HO)

(D:\MiKTeX\tex/generic/oberdiek\ifluatex.sty
Package: ifluatex 2016/05/16 v1.4 Provides the ifluatex switch (HO)
Package ifluatex Info: LuaTeX not detected.
))))
(D:\MiKTeX\tex/generic/oberdiek\pdftexcmds.sty
Package: pdftexcmds 2018/09/10 v0.29 Utility functions of pdfTeX for LuaTeX (HO
)
Package pdftexcmds Info: LuaTeX not detected.
Package pdftexcmds Info: \pdf@primitive is available.
Package pdftexcmds Info: \pdf@ifprimitive is available.
Package pdftexcmds Info: \pdfdraftmode found.
)
Package epstopdf-base Info: Redefining graphics rule for `.eps' on input line 4
38.
Package grfext Info: Graphics extension search list:
(grfext)             [.pdf,.png,.jpg,.mps,.jpeg,.jbig2,.jb2,.PDF,.PNG,.JPG,.JPE
G,.JBIG2,.JB2,.eps]
(grfext)             \AppendGraphicsExtensions on input line 456.
)
Package caption Info: Begin \AtBeginDocument code.
Package caption Info: listings package is loaded.
Package caption Info: End \AtBeginDocument code.
\c@lstlisting=\count129
LaTeX Font Info:    Try loading font information for T1+phv on input line 16.

(D:\MiKTeX\tex/latex/psnfss\t1phv.fd
File: t1phv.fd 2001/06/04 scalable font definitions for T1/phv.
)
LaTeX Font Info:    Font shape `T1/ptm/bx/n' in size <14.4> not available
(Font)              Font shape `T1/ptm/b/n' tried instead on input line 16.
LaTeX Font Info:    Font shape `T1/phv/bx/n' in size <14.4> not available
(Font)              Font shape `T1/phv/b/n' tried instead on input line 16.
LaTeX Font Info:    Font shape `T1/ptm/bx/n' in size <24.88> not available
(Font)              Font shape `T1/ptm/b/n' tried instead on input line 16.
LaTeX Font Info:    Font shape `T1/phv/bx/n' in size <24.88> not available
(Font)              Font shape `T1/phv/b/n' tried instead on input line 16.
LaTeX Font Info:    Try loading font information for U+msa on input line 16.
 (D:\MiKTeX\tex/latex/amsfonts\umsa.fd
File: umsa.fd 2013/01/14 v3.01 AMS symbols A
)
LaTeX Font Info:    Try loading font information for U+msb on input line 16.

(D:\MiKTeX\tex/latex/amsfonts\umsb.fd
File: umsb.fd 2013/01/14 v3.01 AMS symbols B
) [1

{C:/Users/Handsome/AppData/Local/MiKTeX/2.9/pdftex/config/pdftex.map}]
LaTeX Font Info:    Try loading font information for T1+pcr on input line 19.
 (D:\MiKTeX\tex/latex/psnfss\t1pcr.fd
File: t1pcr.fd 2001/06/04 font definitions for T1/pcr.
) [1]
[3] (zavrsni.toc
LaTeX Font Info:    Font shape `T1/ptm/bx/n' in size <12> not available
(Font)              Font shape `T1/ptm/b/n' tried instead on input line 2.
 [4

])
\tf@toc=\write3
\openout3 = `zavrsni.toc'.

 [5]
Poglavlje 1.

Underfull \hbox (badness 10000) in paragraph at lines 33--34

 []

[1

]
Poglavlje 2.
LaTeX Font Info:    Font shape `T1/ptm/bx/n' in size <17.28> not available
(Font)              Font shape `T1/ptm/b/n' tried instead on input line 44.
[2

]
LaTeX Font Info:    Font shape `T1/ptm/bx/it' in size <14.4> not available
(Font)              Font shape `T1/ptm/b/it' tried instead on input line 59.
<fds-useCase.png, id=31, 996.72375pt x 606.76688pt>
File: fds-useCase.png Graphic file (type png)
<use fds-useCase.png>
Package pdftex.def Info: fds-useCase.png  used on input line 63.
(pdftex.def)             Requested size: 420.6591pt x 256.0748pt.

Overfull \hbox (8.09413pt too wide) in paragraph at lines 63--64
 [][] 
 []

LaTeX Font Info:    Font shape `T1/ptm/bx/n' in size <10.95> not available
(Font)              Font shape `T1/ptm/b/n' tried instead on input line 64.
[3] [4 <./fds-useCase.png>]
<basichtml.png, id=41, 954.56625pt x 158.84344pt>
File: basichtml.png Graphic file (type png)
<use basichtml.png>
Package pdftex.def Info: basichtml.png  used on input line 81.
(pdftex.def)             Requested size: 512.9674pt x 85.35826pt.

Overfull \hbox (100.40244pt too wide) in paragraph at lines 81--82
 [][] 
 []

[5 <./basichtml.png>]
<css-example.png, id=45, 954.56625pt x 105.39375pt>
File: css-example.png Graphic file (type png)
<use css-example.png>
Package pdftex.def Info: css-example.png  used on input line 94.
(pdftex.def)             Requested size: 644.26073pt x 71.13188pt.

Overfull \hbox (231.69576pt too wide) in paragraph at lines 94--95
 [][] 
 []

<js-example.png, id=46, 947.79094pt x 195.73125pt>
File: js-example.png Graphic file (type png)
<use js-example.png>
Package pdftex.def Info: js-example.png  used on input line 105.
(pdftex.def)             Requested size: 551.1075pt x 113.81102pt.

Overfull \hbox (138.54253pt too wide) in paragraph at lines 105--106
 [][] 
 []

<maps-js-api.png, id=47, 950.04938pt x 453.94594pt>
File: maps-js-api.png Graphic file (type png)
<use maps-js-api.png>
Package pdftex.def Info: maps-js-api.png  used on input line 114.
(pdftex.def)             Requested size: 476.3862pt x 227.62204pt.

Overfull \hbox (63.82123pt too wide) in paragraph at lines 114--115
 [][] 
 []

[6 <./css-example.png>] [7 <./js-example.png> <./maps-js-api.png>]
<geocoding-api.png, id=55, 820.56563pt x 27.10126pt>
File: geocoding-api.png Graphic file (type png)
<use geocoding-api.png>
Package pdftex.def Info: geocoding-api.png  used on input line 125.
(pdftex.def)             Requested size: 413.51218pt x 13.6572pt.

Overfull \hbox (0.9472pt too wide) in paragraph at lines 125--126
 [][] 
 []

<directions-api.png, id=56, 510.40688pt x 39.14626pt>
File: directions-api.png Graphic file (type png)
<use directions-api.png>
Package pdftex.def Info: directions-api.png  used on input line 135.
(pdftex.def)             Requested size: 370.98955pt x 28.45274pt.
[8 <./geocoding-api.png> <./directions-api.png>]
<basic-bootstrap.png, id=61, 956.82469pt x 434.37282pt>
File: basic-bootstrap.png Graphic file (type png)
<use basic-bootstrap.png>
Package pdftex.def Info: basic-bootstrap.png  used on input line 147.
(pdftex.def)             Requested size: 564.09828pt x 256.0748pt.

Overfull \hbox (151.53331pt too wide) in paragraph at lines 147--148
[][] 
 []


Overfull \hbox (17.94214pt too wide) in paragraph at lines 154--155
\T1/ptm/m/n/12 Razvojni ok-vir Spring olak-²ava stva-ra-nje apli-ka-cija ko-ris
-te¢i plat-formu Java EE (engl. \T1/ptm/m/it/12 Java
 []

[9 <./basic-bootstrap.png>]
<validation-controller.png, id=65, 606.01407pt x 294.34969pt>
File: validation-controller.png Graphic file (type png)
<use validation-controller.png>
Package pdftex.def Info: validation-controller.png  used on input line 170.
(pdftex.def)             Requested size: 439.34433pt x 213.39566pt.

Overfull \hbox (26.77936pt too wide) in paragraph at lines 170--171
[][] 
 []


Overfull \hbox (21.93475pt too wide) in paragraph at lines 168--175
[]\T1/ptm/m/it/12 Model \T1/ptm/m/n/12 obje-di-njuje po-datke apli-ka-cije i op
-¢e-nito se sas-toji od obje-kata POJO (engl. \T1/ptm/m/it/12 Plain
 []

<security.png, id=66, 628.59843pt x 266.49562pt>
File: security.png Graphic file (type png)
<use security.png>
Package pdftex.def Info: security.png  used on input line 178.
(pdftex.def)             Requested size: 469.8075pt x 199.16928pt.

Overfull \hbox (57.24252pt too wide) in paragraph at lines 178--179
[][] 
 []

[10] [11 <./validation-controller.png> <./security.png>]
<jpa.png, id=73, 444.91219pt x 242.40562pt>
File: jpa.png Graphic file (type png)
<use jpa.png>
Package pdftex.def Info: jpa.png  used on input line 188.
(pdftex.def)             Requested size: 365.57712pt x 199.16928pt.
 [12 <./jpa.png>]
<thymeleaf.png, id=77, 950.80219pt x 277.78781pt>
File: thymeleaf.png Graphic file (type png)
<use thymeleaf.png>
Package pdftex.def Info: thymeleaf.png  used on input line 202.
(pdftex.def)             Requested size: 486.93382pt x 142.26378pt.

Overfull \hbox (74.36885pt too wide) in paragraph at lines 202--203
[][] 
 []

[13 <./thymeleaf.png>]
<database.png, id=81, 694.84593pt x 521.69907pt>
File: database.png Graphic file (type png)
<use database.png>
Package pdftex.def Info: database.png  used on input line 228.
(pdftex.def)             Requested size: 416.85776pt x 312.9803pt.

Overfull \hbox (4.29279pt too wide) in paragraph at lines 228--229
 [][] 
 []

[14] [15 <./database.png>] [16]
<pocetna-neprijavljeni.png, id=93, 996.72375pt x 577.40718pt>
File: pocetna-neprijavljeni.png Graphic file (type png)
<use pocetna-neprijavljeni.png>
Package pdftex.def Info: pocetna-neprijavljeni.png  used on input line 257.
(pdftex.def)             Requested size: 417.48047pt x 241.84842pt.

Overfull \hbox (4.9155pt too wide) in paragraph at lines 257--258
 [][] 
 []

<pocetna-kupac.png, id=94, 995.21812pt x 38.39343pt>
File: pocetna-kupac.png Graphic file (type png)
<use pocetna-kupac.png>
Package pdftex.def Info: pocetna-kupac.png  used on input line 267.
(pdftex.def)             Requested size: 405.64272pt x 15.6491pt.
[17 <./pocetna-neprijavljeni.png>]
<pocetna-vlasnik.png, id=98, 993.7125pt x 42.1575pt>
File: pocetna-vlasnik.png Graphic file (type png)
<use pocetna-vlasnik.png>
Package pdftex.def Info: pocetna-vlasnik.png  used on input line 275.
(pdftex.def)             Requested size: 402.40587pt x 17.07182pt.
<pocetna-dostavljac.png, id=99, 993.7125pt x 40.65187pt>
File: pocetna-dostavljac.png Graphic file (type png)
<use pocetna-dostavljac.png>
Package pdftex.def Info: pocetna-dostavljac.png  used on input line 283.
(pdftex.def)             Requested size: 417.31091pt x 17.07182pt.

Overfull \hbox (4.74594pt too wide) in paragraph at lines 283--284
 [][] 
 []

<registracija.png, id=100, 995.97093pt x 576.65437pt>
File: registracija.png Graphic file (type png)
<use registracija.png>
Package pdftex.def Info: registracija.png  used on input line 292.
(pdftex.def)             Requested size: 393.13826pt x 227.62204pt.
<login.png, id=101, 996.72375pt x 575.14874pt>
File: login.png Graphic file (type png)
<use login.png>
Package pdftex.def Info: login.png  used on input line 304.
(pdftex.def)             Requested size: 384.59912pt x 221.93158pt.
[18 <./pocetna-kupac.png> <./pocetna-vlasnik.png> <./pocetna-dostavljac.png>]
<restaurants.png, id=107, 998.22937pt x 577.40718pt>
File: restaurants.png Graphic file (type png)
<use restaurants.png>
Package pdftex.def Info: restaurants.png  used on input line 313.
(pdftex.def)             Requested size: 418.1111pt x 241.84842pt.

Overfull \hbox (5.54613pt too wide) in paragraph at lines 313--314
 [][] 
 []

[19 <./registracija.png> <./login.png>]
<myrestaurants.png, id=111, 995.21812pt x 576.65437pt>
File: myrestaurants.png Graphic file (type png)
<use myrestaurants.png>
Package pdftex.def Info: myrestaurants.png  used on input line 322.
(pdftex.def)             Requested size: 383.0159pt x 221.93158pt.
<restoranObrazac.png, id=112, 663.98062pt x 540.51938pt>
File: restoranObrazac.png Graphic file (type png)
<use restoranObrazac.png>
Package pdftex.def Info: restoranObrazac.png  used on input line 330.
(pdftex.def)             Requested size: 279.60956pt x 227.62204pt.

Overfull \hbox (10.53694pt too wide) in paragraph at lines 327--335
[]\T1/ptm/m/n/12 Takožer, stra-nica omo-gu-¢ava do-da-va-nje no-vog res-to-rana
 u sus-tav ko-ri-²te-njem obrasca
 []

[20 <./restaurants.png>] [21 <./myrestaurants.png> <./restoranObrazac.png>]
<jelovnik.png, id=120, 675.27281pt x 578.16pt>
File: jelovnik.png Graphic file (type png)
<use jelovnik.png>
Package pdftex.def Info: jelovnik.png  used on input line 341.
(pdftex.def)             Requested size: 289.11488pt x 247.53888pt.
<jelovnikVlasnik.png, id=121, 996.72375pt x 576.65437pt>
File: jelovnikVlasnik.png Graphic file (type png)
<use jelovnikVlasnik.png>
Package pdftex.def Info: jelovnikVlasnik.png  used on input line 349.
(pdftex.def)             Requested size: 418.02798pt x 241.84842pt.

Overfull \hbox (5.46301pt too wide) in paragraph at lines 349--350
 [][] 
 []

[22 <./jelovnik.png>]
<obrazacJelo.png, id=125, 800.9925pt x 353.82187pt>
File: obrazacJelo.png Graphic file (type png)
<use obrazacJelo.png>
Package pdftex.def Info: obrazacJelo.png  used on input line 357.
(pdftex.def)             Requested size: 386.47646pt x 170.71652pt.
 [23 <./jelovnikVlasnik.png> <./obrazacJelo.png>]
<kosarica.png, id=129, 996.72375pt x 578.16pt>
File: kosarica.png Graphic file (type png)
<use kosarica.png>
Package pdftex.def Info: kosarica.png  used on input line 368.
(pdftex.def)             Requested size: 416.93295pt x 241.84842pt.

Overfull \hbox (4.36798pt too wide) in paragraph at lines 368--369
 [][] 
 []

<narudzbe.png, id=130, 992.95969pt x 572.1375pt>
File: narudzbe.png Graphic file (type png)
<use narudzbe.png>
Package pdftex.def Info: narudzbe.png  used on input line 377.
(pdftex.def)             Requested size: 385.16183pt x 221.93158pt.
<aktivna.png, id=131, 994.46532pt x 575.90157pt>
File: aktivna.png Graphic file (type png)
<use aktivna.png>
Package pdftex.def Info: aktivna.png  used on input line 386.
(pdftex.def)             Requested size: 393.05988pt x 227.62204pt.
[24 <./kosarica.png>] [25 <./narudzbe.png> <./aktivna.png>] [26]
Poglavlje 3.

Underfull \hbox (badness 10000) in paragraph at lines 402--403

 []

(zavrsni.bbl [27

]
Underfull \hbox (badness 7522) in paragraph at lines 14--18
[]\T1/ptm/m/n/12 Dynamic pro-gram-ming lan-gu-age.  $\T1/pcr/m/n/12 https : / /
 developer . mozilla .
 []


Underfull \hbox (badness 10000) in paragraph at lines 14--18
\T1/pcr/m/n/12 org / en-[]US / docs / Glossary / Dynamic _ programming _ langua
ge$\T1/ptm/m/n/12 .
 []


Underfull \hbox (badness 10000) in paragraph at lines 20--25
[]\T1/ptm/m/n/12 Geocoding api.  $\T1/pcr/m/n/12 https : / / developers . googl
e . com / maps /
 []


Underfull \hbox (badness 10000) in paragraph at lines 27--32
[]\T1/ptm/m/n/12 Directions api.  $\T1/pcr/m/n/12 https : / / developers . goog
le . com / maps /
 []


Underfull \hbox (badness 2538) in paragraph at lines 34--38
[]\T1/ptm/m/n/12 Bootstrap: In-tro-duc-tion.  $\T1/pcr/m/n/12 https : / / getbo
otstrap . com / docs / 4 . 3 /
 []


Underfull \hbox (badness 7759) in paragraph at lines 40--44
[]\T1/ptm/m/n/12 Maps ja-vas-cript api.  $\T1/pcr/m/n/12 https : / / developers
 . google . com / maps /
 []


Underfull \hbox (badness 10000) in paragraph at lines 46--49
[]\T1/ptm/m/n/12 Postgresql: About.  $\T1/pcr/m/n/12 https : / / www . postgres
ql . org / about/$\T1/ptm/m/n/12 .
 []


Underfull \hbox (badness 5652) in paragraph at lines 51--55
[]\T1/ptm/m/n/12 Spring fra-mework over-view.  $\T1/pcr/m/n/12 https : / / docs
 . spring . io / spring /
 []


Underfull \hbox (badness 10000) in paragraph at lines 51--55
\T1/pcr/m/n/12 docs / current / spring-[]framework-[]reference / overview . htm
l$\T1/ptm/m/n/12 .
 []


Underfull \hbox (badness 1152) in paragraph at lines 57--61
[]\T1/ptm/m/n/12 Uml-dijagrami: zbirka ri-je-²e-nih za-da-taka.  $\T1/pcr/m/n/1
2 http : / / www . graphis . hr /
 []

) [28

] [29] [30] (zavrsni.aux)

LaTeX Warning: There were multiply-defined labels.

 ) 
Here is how much of TeX's memory you used:
 7359 strings out of 492945
 102778 string characters out of 3143472
 186364 words of memory out of 3000000
 11074 multiletter control sequences out of 15000+200000
 62180 words of font info for 81 fonts, out of 3000000 for 9000
 1141 hyphenation exceptions out of 8191
 43i,6n,42p,1244b,366s stack positions out of 5000i,500n,10000p,200000b,50000s
{D:/MiKTeX/fonts/enc/dvips/base/8r.enc}<D:/MiKTeX/fonts/type1/urw/courier/ucr
r8a.pfb><D:/MiKTeX/fonts/type1/urw/courier/ucrro8a.pfb><D:/MiKTeX/fonts/type1/u
rw/helvetic/uhvb8a.pfb><D:/MiKTeX/fonts/type1/urw/helvetic/uhvr8a.pfb><D:/MiKTe
X/fonts/type1/urw/times/utmb8a.pfb><D:/MiKTeX/fonts/type1/urw/times/utmbi8a.pfb
><D:/MiKTeX/fonts/type1/urw/times/utmr8a.pfb><D:/MiKTeX/fonts/type1/urw/times/u
tmr8a.pfb><D:/MiKTeX/fonts/type1/urw/times/utmri8a.pfb>
Output written on zavrsni.pdf (35 pages, 7322950 bytes).
PDF statistics:
 185 PDF objects out of 1000 (max. 8388607)
 0 named destinations out of 1000 (max. 500000)
 141 words of extra memory for PDF output out of 10000 (max. 10000000)

